Using pre-set license
Built from '2020.3/staging' branch; Version is '2020.3.46f1 (18bc01a066b4) revision 1620993'; Using compiler version '192528614'; Build Type 'Release'
OS: 'Windows 10  (10.0.19045) 64bit CoreSingleLanguage' Language: 'tr' Physical Memory: 16294 MB
BatchMode: 1, IsHumanControllingUs: 0, StartBugReporterOnCrash: 0, Is64bit: 1, IsPro: 0

COMMAND LINE ARGUMENTS:
C:\Program Files\Unity\Hub\Editor\2020.3.46f1\Editor\Unity.exe
-adb2
-batchMode
-noUpm
-name
AssetImportWorker0
-projectPath
C:/Nilsu Dokumanlar/UnityProject/ZombieGameUnity/ZombieGameUnity/ZombieGame
-logFile
Logs/AssetImportWorker0.log
-srvPort
58556
Successfully changed project path to: C:/Nilsu Dokumanlar/UnityProject/ZombieGameUnity/ZombieGameUnity/ZombieGame
C:/Nilsu Dokumanlar/UnityProject/ZombieGameUnity/ZombieGameUnity/ZombieGame
Using Asset Import Pipeline V2.
Player connection [17304] Host "[IP] 192.168.1.22 [Port] 3221443040 [Flags] 2 [Guid] 833248613 [EditorId] 833248613 [Version] 1048832 [Id] WindowsEditor(7,LAPTOP-BKO6QIT7) [Debug] 1 [PackageName] WindowsEditor [ProjectName] Editor" joined multi-casting on [225.0.0.222:54997]...

Player connection [17304] Host "[IP] 192.168.1.22 [Port] 3221443040 [Flags] 2 [Guid] 833248613 [EditorId] 833248613 [Version] 1048832 [Id] WindowsEditor(7,LAPTOP-BKO6QIT7) [Debug] 1 [PackageName] WindowsEditor [ProjectName] Editor" joined alternative multi-casting on [225.0.0.222:34997]...

Refreshing native plugins compatible for Editor in 29.12 ms, found 2 plugins.
Preloading 0 native plugins for Editor in 0.00 ms.
Initialize engine version: 2020.3.46f1 (18bc01a066b4)
[Subsystems] Discovering subsystems at path C:/Program Files/Unity/Hub/Editor/2020.3.46f1/Editor/Data/Resources/UnitySubsystems
[Subsystems] Discovering subsystems at path C:/Nilsu Dokumanlar/UnityProject/ZombieGameUnity/ZombieGameUnity/ZombieGame/Assets
GfxDevice: creating device client; threaded=0
Direct3D:
    Version:  Direct3D 11.0 [level 11.1]
    Renderer: NVIDIA GeForce GTX 1650 (ID=0x1f91)
    Vendor:   
    VRAM:     3962 MB
    Driver:   27.21.14.6230
Initialize mono
Mono path[0] = 'C:/Program Files/Unity/Hub/Editor/2020.3.46f1/Editor/Data/Managed'
Mono path[1] = 'C:/Program Files/Unity/Hub/Editor/2020.3.46f1/Editor/Data/MonoBleedingEdge/lib/mono/unityjit'
Mono config path = 'C:/Program Files/Unity/Hub/Editor/2020.3.46f1/Editor/Data/MonoBleedingEdge/etc'
Using monoOptions --debugger-agent=transport=dt_socket,embedding=1,server=y,suspend=n,address=127.0.0.1:56352
Begin MonoManager ReloadAssembly
Registering precompiled unity dll's ...
Register platform support module: C:/Program Files/Unity/Hub/Editor/2020.3.46f1/Editor/Data/PlaybackEngines/WindowsStandaloneSupport/UnityEditor.WindowsStandalone.Extensions.dll
Registered in 0.001874 seconds.
Native extension for WindowsStandalone target not found
Refreshing native plugins compatible for Editor in 29.64 ms, found 2 plugins.
Preloading 0 native plugins for Editor in 0.00 ms.
Mono: successfully reloaded assembly
- Completed reload, in  0.571 seconds
Domain Reload Profiling:
	ReloadAssembly (572ms)
		BeginReloadAssembly (67ms)
			ExecutionOrderSort (0ms)
			DisableScriptedObjects (0ms)
			BackupInstance (0ms)
			ReleaseScriptingObjects (0ms)
			CreateAndSetChildDomain (1ms)
		EndReloadAssembly (431ms)
			LoadAssemblies (64ms)
			RebuildTransferFunctionScriptingTraits (0ms)
			SetupTypeCache (152ms)
			ReleaseScriptCaches (0ms)
			RebuildScriptCaches (31ms)
			SetupLoadedEditorAssemblies (153ms)
				LogAssemblyErrors (0ms)
				InitializePlatformSupportModulesInManaged (3ms)
				SetLoadedEditorAssemblies (0ms)
				RefreshPlugins (30ms)
				BeforeProcessingInitializeOnLoad (15ms)
				ProcessInitializeOnLoadAttributes (77ms)
				ProcessInitializeOnLoadMethodAttributes (27ms)
				AfterProcessingInitializeOnLoad (0ms)
				EditorAssembliesLoaded (0ms)
			ExecutionOrderSort2 (0ms)
			AwakeInstancesAfterBackupRestoration (0ms)
Platform modules already initialized, skipping
Registering precompiled user dll's ...
Registered in 0.002838 seconds.
Begin MonoManager ReloadAssembly
Native extension for WindowsStandalone target not found
Refreshing native plugins compatible for Editor in 0.45 ms, found 2 plugins.
Preloading 0 native plugins for Editor in 0.00 ms.
Mono: successfully reloaded assembly
- Completed reload, in  0.937 seconds
Domain Reload Profiling:
	ReloadAssembly (938ms)
		BeginReloadAssembly (136ms)
			ExecutionOrderSort (0ms)
			DisableScriptedObjects (5ms)
			BackupInstance (0ms)
			ReleaseScriptingObjects (0ms)
			CreateAndSetChildDomain (17ms)
		EndReloadAssembly (745ms)
			LoadAssemblies (84ms)
			RebuildTransferFunctionScriptingTraits (0ms)
			SetupTypeCache (250ms)
			ReleaseScriptCaches (0ms)
			RebuildScriptCaches (38ms)
			SetupLoadedEditorAssemblies (300ms)
				LogAssemblyErrors (0ms)
				InitializePlatformSupportModulesInManaged (4ms)
				SetLoadedEditorAssemblies (0ms)
				RefreshPlugins (1ms)
				BeforeProcessingInitializeOnLoad (93ms)
				ProcessInitializeOnLoadAttributes (185ms)
				ProcessInitializeOnLoadMethodAttributes (10ms)
				AfterProcessingInitializeOnLoad (6ms)
				EditorAssembliesLoaded (0ms)
			ExecutionOrderSort2 (0ms)
			AwakeInstancesAfterBackupRestoration (2ms)
Platform modules already initialized, skipping
========================================================================
Worker process is ready to serve import requests
Launched and connected shader compiler UnityShaderCompiler.exe after 0.05 seconds
Refreshing native plugins compatible for Editor in 0.27 ms, found 2 plugins.
Preloading 0 native plugins for Editor in 0.00 ms.
Unloading 1320 Unused Serialized files (Serialized files now loaded: 0)
System memory in use before: 63.9 MB.
System memory in use after: 64.0 MB.

Unloading 17 unused Assets to reduce memory usage. Loaded Objects now: 1756.
Total: 2.529100 ms (FindLiveObjects: 0.102800 ms CreateObjectMapping: 0.032100 ms MarkObjects: 2.331200 ms  DeleteObjects: 0.062500 ms)

AssetImportParameters requested are different than current active one (requested -> active):
  custom:framework-win-MediaFoundation: 216162199b28c13a410421893ffa2e32 -> 
  custom:video-decoder-ogg-theora: a1e56fd34408186e4bbccfd4996cb3dc -> 
  custom:container-muxer-webm: aa71ff27fc2769a1b78a27578f13a17b -> 
  custom:container-demuxer-webm: 4f35f7cbe854078d1ac9338744f61a02 -> 
  custom:container-demuxer-ogg: 62fdf1f143b41e24485cea50d1cbac27 -> 
  custom:video-encoder-webm-vp8: eb34c28f22e8b96e1ab97ce403110664 -> 
  custom:video-codec-MediaFoundation-h265: 746d11721c4dcdbdad8f713fa42b33f4 -> 
  custom:video-decoder-webm-vp8: 9c59270c3fd7afecdb556c50c9e8de78 -> 
  custom:audio-decoder-ogg-vorbis: bf7c407c2cedff20999df2af8eb42d56 -> 
  custom:audio-encoder-webm-vorbis: bf7c407c2cedff20999df2af8eb42d56 -> 
========================================================================
Received Import Request.
  path: Assets/Sprites/MainMenu.PNG
  artifactKey: Guid(af3cdd72a449a124da88e8d54e39e1e5) Importer(815301076,1909f56bfc062723c751e8b465ee728b)
Start importing Assets/Sprites/MainMenu.PNG using Guid(af3cdd72a449a124da88e8d54e39e1e5) Importer(815301076,1909f56bfc062723c751e8b465ee728b)  -> (artifact id: 'a47fe994f43796426d63fbc6231be429') in 0.057050 seconds 
========================================================================
Received Import Request.
  Time since last request: 0.000277 seconds.
  path: Assets/Sprites/MainMenu1.PNG
  artifactKey: Guid(2539b971201a37440961f891afb07ed3) Importer(815301076,1909f56bfc062723c751e8b465ee728b)
Start importing Assets/Sprites/MainMenu1.PNG using Guid(2539b971201a37440961f891afb07ed3) Importer(815301076,1909f56bfc062723c751e8b465ee728b)  -> (artifact id: 'd5d100a809639cc86241e23dfe29a1bf') in 0.012550 seconds 
========================================================================
Received Import Request.
  Time since last request: 0.000284 seconds.
  path: Assets/Sprites/Health.png
  artifactKey: Guid(fd3b812d6b0bb494fba67b68e9e48337) Importer(815301076,1909f56bfc062723c751e8b465ee728b)
Start importing Assets/Sprites/Health.png using Guid(fd3b812d6b0bb494fba67b68e9e48337) Importer(815301076,1909f56bfc062723c751e8b465ee728b)  -> (artifact id: '005a513f0ca5f2b229b38e9182ee4c99') in 0.013197 seconds 
========================================================================
Received Import Request.
  Time since last request: 0.000181 seconds.
  path: Assets/Sprites
  artifactKey: Guid(267e3dd6ba7d8ed4fb2bc5d01c39b4be) Importer(815301076,1909f56bfc062723c751e8b465ee728b)
Start importing Assets/Sprites using Guid(267e3dd6ba7d8ed4fb2bc5d01c39b4be) Importer(815301076,1909f56bfc062723c751e8b465ee728b)  -> (artifact id: '478c99d1024429089a78a9c4e2aff2f1') in 0.005895 seconds 
========================================================================
Received Import Request.
  Time since last request: 0.000201 seconds.
  path: Assets/Sprites/BloodEffect.psd
  artifactKey: Guid(73586866ea9610148b7db3e3baad7e72) Importer(815301076,1909f56bfc062723c751e8b465ee728b)
Start importing Assets/Sprites/BloodEffect.psd using Guid(73586866ea9610148b7db3e3baad7e72) Importer(815301076,1909f56bfc062723c751e8b465ee728b)  -> (artifact id: 'be17c0af86fa65fecfacfc734b7bd950') in 0.013801 seconds 
========================================================================
Received Import Request.
  Time since last request: 0.000227 seconds.
  path: Assets/Sprites/Rifle.png
  artifactKey: Guid(902338330041a804a9d999b6f81801bb) Importer(815301076,1909f56bfc062723c751e8b465ee728b)
Start importing Assets/Sprites/Rifle.png using Guid(902338330041a804a9d999b6f81801bb) Importer(815301076,1909f56bfc062723c751e8b465ee728b)  -> (artifact id: 'ffcbc51fd7a410268fe824850b6ae66e') in 0.012093 seconds 
========================================================================
Received Import Request.
  Time since last request: 0.000262 seconds.
  path: Assets/Sprites/Zombie Wallpapers 5.jpg
  artifactKey: Guid(a525e2ed2d768224a98127595f1e2f31) Importer(815301076,1909f56bfc062723c751e8b465ee728b)
Start importing Assets/Sprites/Zombie Wallpapers 5.jpg using Guid(a525e2ed2d768224a98127595f1e2f31) Importer(815301076,1909f56bfc062723c751e8b465ee728b)  -> (artifact id: 'c39bb1c899c3d44ce8a58a1b07744628') in 0.013976 seconds 
========================================================================
Received Import Request.
  Time since last request: 0.000204 seconds.
  path: Assets/Sprites/Player1.png
  artifactKey: Guid(0f91e431fe1412b4b95f610040e4222e) Importer(815301076,1909f56bfc062723c751e8b465ee728b)
Start importing Assets/Sprites/Player1.png using Guid(0f91e431fe1412b4b95f610040e4222e) Importer(815301076,1909f56bfc062723c751e8b465ee728b)  -> (artifact id: '32c089663532ec97e76f00f13650782b') in 0.008255 seconds 
========================================================================
Received Import Request.
  Time since last request: 0.000268 seconds.
  path: Assets/Sprites/Player2.png
  artifactKey: Guid(e0758bd38b27b49419d18cbf63ee8134) Importer(815301076,1909f56bfc062723c751e8b465ee728b)
Start importing Assets/Sprites/Player2.png using Guid(e0758bd38b27b49419d18cbf63ee8134) Importer(815301076,1909f56bfc062723c751e8b465ee728b)  -> (artifact id: '1af58247f1ed2d648645922de7b15ecf') in 0.008451 seconds 
========================================================================
Received Import Request.
  Time since last request: 0.000252 seconds.
  path: Assets/Sprites/Player3.png
  artifactKey: Guid(1b4c0f699924aed47b2a93cc567e817e) Importer(815301076,1909f56bfc062723c751e8b465ee728b)
Start importing Assets/Sprites/Player3.png using Guid(1b4c0f699924aed47b2a93cc567e817e) Importer(815301076,1909f56bfc062723c751e8b465ee728b)  -> (artifact id: '8dedd8d1f3b69adeecdb248bf51d2ecf') in 0.009406 seconds 
========================================================================
Received Import Request.
  Time since last request: 0.000247 seconds.
  path: Assets/Sprites/Magazine.png
  artifactKey: Guid(ca05d3290aa9064498053c18d36b2a8f) Importer(815301076,1909f56bfc062723c751e8b465ee728b)
Start importing Assets/Sprites/Magazine.png using Guid(ca05d3290aa9064498053c18d36b2a8f) Importer(815301076,1909f56bfc062723c751e8b465ee728b)  -> (artifact id: '75d1e8f03eaab9ef35f79f31187fffa6') in 0.008609 seconds 
========================================================================
Received Import Request.
  Time since last request: 10.678396 seconds.
  path: Assets/Sprites/Health.png
  artifactKey: Guid(fd3b812d6b0bb494fba67b68e9e48337) Importer(815301076,1909f56bfc062723c751e8b465ee728b)
Start importing Assets/Sprites/Health.png using Guid(fd3b812d6b0bb494fba67b68e9e48337) Importer(815301076,1909f56bfc062723c751e8b465ee728b)  -> (artifact id: '7085f11c7769ec2478504c933c62a288') in 0.047277 seconds 
========================================================================
Received Import Request.
  Time since last request: 0.000270 seconds.
  path: Assets/Sprites/Rifle.png
  artifactKey: Guid(902338330041a804a9d999b6f81801bb) Importer(815301076,1909f56bfc062723c751e8b465ee728b)
Start importing Assets/Sprites/Rifle.png using Guid(902338330041a804a9d999b6f81801bb) Importer(815301076,1909f56bfc062723c751e8b465ee728b)  -> (artifact id: 'c99901edc3a07a7daf80a26b7cad7c28') in 0.023581 seconds 
========================================================================
Received Import Request.
  Time since last request: 0.000199 seconds.
  path: Assets/Sprites/Zombie Wallpapers 5.jpg
  artifactKey: Guid(a525e2ed2d768224a98127595f1e2f31) Importer(815301076,1909f56bfc062723c751e8b465ee728b)
Start importing Assets/Sprites/Zombie Wallpapers 5.jpg using Guid(a525e2ed2d768224a98127595f1e2f31) Importer(815301076,1909f56bfc062723c751e8b465ee728b)  -> (artifact id: 'cc5a3be8dcd81b535a4324e8f09631b2') in 0.032994 seconds 
========================================================================
Received Import Request.
  Time since last request: 0.000137 seconds.
  path: Assets/Sprites/Player1.png
  artifactKey: Guid(0f91e431fe1412b4b95f610040e4222e) Importer(815301076,1909f56bfc062723c751e8b465ee728b)
Start importing Assets/Sprites/Player1.png using Guid(0f91e431fe1412b4b95f610040e4222e) Importer(815301076,1909f56bfc062723c751e8b465ee728b)  -> (artifact id: 'ae1a8d8ec20a0c88d9c75b943dd682c2') in 0.031754 seconds 
========================================================================
Received Import Request.
  Time since last request: 0.000186 seconds.
  path: Assets/Sprites/Player2.png
  artifactKey: Guid(e0758bd38b27b49419d18cbf63ee8134) Importer(815301076,1909f56bfc062723c751e8b465ee728b)
Start importing Assets/Sprites/Player2.png using Guid(e0758bd38b27b49419d18cbf63ee8134) Importer(815301076,1909f56bfc062723c751e8b465ee728b)  -> (artifact id: 'b3d849e5ff08501077bdee016052807e') in 0.011344 seconds 
========================================================================
Received Import Request.
  Time since last request: 0.000184 seconds.
  path: Assets/Sprites/Player3.png
  artifactKey: Guid(1b4c0f699924aed47b2a93cc567e817e) Importer(815301076,1909f56bfc062723c751e8b465ee728b)
Start importing Assets/Sprites/Player3.png using Guid(1b4c0f699924aed47b2a93cc567e817e) Importer(815301076,1909f56bfc062723c751e8b465ee728b)  -> (artifact id: 'a741c6617a0b1216356f6decdc3532f1') in 0.010597 seconds 
========================================================================
Received Import Request.
  Time since last request: 0.000195 seconds.
  path: Assets/Sprites/Magazine.png
  artifactKey: Guid(ca05d3290aa9064498053c18d36b2a8f) Importer(815301076,1909f56bfc062723c751e8b465ee728b)
Start importing Assets/Sprites/Magazine.png using Guid(ca05d3290aa9064498053c18d36b2a8f) Importer(815301076,1909f56bfc062723c751e8b465ee728b)  -> (artifact id: '1f49226df64ddf06d96a4d2d69fda645') in 0.011364 seconds 
========================================================================
Received Import Request.
  Time since last request: 7.516136 seconds.
  path: Assets/Sprites/MainMenu.PNG
  artifactKey: Guid(af3cdd72a449a124da88e8d54e39e1e5) Importer(815301076,1909f56bfc062723c751e8b465ee728b)
Start importing Assets/Sprites/MainMenu.PNG using Guid(af3cdd72a449a124da88e8d54e39e1e5) Importer(815301076,1909f56bfc062723c751e8b465ee728b)  -> (artifact id: '7c0052f6bb225e78e96e423a86e1c88c') in 0.062729 seconds 
========================================================================
Received Import Request.
  Time since last request: 0.000238 seconds.
  path: Assets/Sprites/MainMenu1.PNG
  artifactKey: Guid(2539b971201a37440961f891afb07ed3) Importer(815301076,1909f56bfc062723c751e8b465ee728b)
Start importing Assets/Sprites/MainMenu1.PNG using Guid(2539b971201a37440961f891afb07ed3) Importer(815301076,1909f56bfc062723c751e8b465ee728b)  -> (artifact id: '183e13d5ad316e807b53c728e9d5e157') in 0.012934 seconds 
AssetImportWorkerClient::OnTransportError - code=2 error=End of file
